2025-09-22 22:41:51,824 - sqlalchemy.engine.Engine - INFO - select pg_catalog.version()
2025-09-22 22:41:51,824 - sqlalchemy.engine.Engine - INFO - [raw sql] {}
2025-09-22 22:41:51,825 - sqlalchemy.engine.Engine - INFO - select current_schema()
2025-09-22 22:41:51,825 - sqlalchemy.engine.Engine - INFO - [raw sql] {}
2025-09-22 22:41:51,825 - sqlalchemy.engine.Engine - INFO - show standard_conforming_strings
2025-09-22 22:41:51,825 - sqlalchemy.engine.Engine - INFO - [raw sql] {}
2025-09-22 22:41:51,825 - sqlalchemy.engine.Engine - INFO - BEGIN (implicit)
2025-09-22 22:41:51,827 - sqlalchemy.engine.Engine - INFO - SELECT pg_catalog.pg_class.relname 
FROM pg_catalog.pg_class JOIN pg_catalog.pg_namespace ON pg_catalog.pg_namespace.oid = pg_catalog.pg_class.relnamespace 
WHERE pg_catalog.pg_class.relname = %(table_name)s AND pg_catalog.pg_class.relkind = ANY (ARRAY[%(param_1)s, %(param_2)s, %(param_3)s, %(param_4)s, %(param_5)s]) AND pg_catalog.pg_table_is_visible(pg_catalog.pg_class.oid) AND pg_catalog.pg_namespace.nspname != %(nspname_1)s
2025-09-22 22:41:51,828 - sqlalchemy.engine.Engine - INFO - [generated in 0.00015s] {'table_name': 'users', 'param_1': 'r', 'param_2': 'p', 'param_3': 'f', 'param_4': 'v', 'param_5': 'm', 'nspname_1': 'pg_catalog'}
2025-09-22 22:41:51,829 - sqlalchemy.engine.Engine - INFO - COMMIT
2025-09-22 22:41:54,146 - sqlalchemy.engine.Engine - INFO - select pg_catalog.version()
2025-09-22 22:41:54,146 - sqlalchemy.engine.Engine - INFO - [raw sql] {}
2025-09-22 22:41:54,147 - sqlalchemy.engine.Engine - INFO - select current_schema()
2025-09-22 22:41:54,147 - sqlalchemy.engine.Engine - INFO - [raw sql] {}
2025-09-22 22:41:54,147 - sqlalchemy.engine.Engine - INFO - show standard_conforming_strings
2025-09-22 22:41:54,147 - sqlalchemy.engine.Engine - INFO - [raw sql] {}
2025-09-22 22:41:54,147 - sqlalchemy.engine.Engine - INFO - BEGIN (implicit)
2025-09-22 22:41:54,151 - sqlalchemy.engine.Engine - INFO - SELECT pg_catalog.pg_class.relname 
FROM pg_catalog.pg_class JOIN pg_catalog.pg_namespace ON pg_catalog.pg_namespace.oid = pg_catalog.pg_class.relnamespace 
WHERE pg_catalog.pg_class.relname = %(table_name)s AND pg_catalog.pg_class.relkind = ANY (ARRAY[%(param_1)s, %(param_2)s, %(param_3)s, %(param_4)s, %(param_5)s]) AND pg_catalog.pg_table_is_visible(pg_catalog.pg_class.oid) AND pg_catalog.pg_namespace.nspname != %(nspname_1)s
2025-09-22 22:41:54,151 - sqlalchemy.engine.Engine - INFO - [generated in 0.00014s] {'table_name': 'users', 'param_1': 'r', 'param_2': 'p', 'param_3': 'f', 'param_4': 'v', 'param_5': 'm', 'nspname_1': 'pg_catalog'}
2025-09-22 22:41:54,152 - sqlalchemy.engine.Engine - INFO - COMMIT
2025-09-22 22:41:55,879 - sqlalchemy.engine.Engine - INFO - select pg_catalog.version()
2025-09-22 22:41:55,879 - sqlalchemy.engine.Engine - INFO - [raw sql] {}
2025-09-22 22:41:55,880 - sqlalchemy.engine.Engine - INFO - select current_schema()
2025-09-22 22:41:55,880 - sqlalchemy.engine.Engine - INFO - [raw sql] {}
2025-09-22 22:41:55,880 - sqlalchemy.engine.Engine - INFO - show standard_conforming_strings
2025-09-22 22:41:55,880 - sqlalchemy.engine.Engine - INFO - [raw sql] {}
2025-09-22 22:41:55,880 - sqlalchemy.engine.Engine - INFO - BEGIN (implicit)
2025-09-22 22:41:55,883 - sqlalchemy.engine.Engine - INFO - SELECT pg_catalog.pg_class.relname 
FROM pg_catalog.pg_class JOIN pg_catalog.pg_namespace ON pg_catalog.pg_namespace.oid = pg_catalog.pg_class.relnamespace 
WHERE pg_catalog.pg_class.relname = %(table_name)s AND pg_catalog.pg_class.relkind = ANY (ARRAY[%(param_1)s, %(param_2)s, %(param_3)s, %(param_4)s, %(param_5)s]) AND pg_catalog.pg_table_is_visible(pg_catalog.pg_class.oid) AND pg_catalog.pg_namespace.nspname != %(nspname_1)s
2025-09-22 22:41:55,883 - sqlalchemy.engine.Engine - INFO - [generated in 0.00014s] {'table_name': 'users', 'param_1': 'r', 'param_2': 'p', 'param_3': 'f', 'param_4': 'v', 'param_5': 'm', 'nspname_1': 'pg_catalog'}
2025-09-22 22:41:55,884 - sqlalchemy.engine.Engine - INFO - COMMIT
2025-09-22 22:41:58,388 - sqlalchemy.engine.Engine - INFO - select pg_catalog.version()
2025-09-22 22:41:58,388 - sqlalchemy.engine.Engine - INFO - [raw sql] {}
2025-09-22 22:41:58,389 - sqlalchemy.engine.Engine - INFO - select current_schema()
2025-09-22 22:41:58,389 - sqlalchemy.engine.Engine - INFO - [raw sql] {}
2025-09-22 22:41:58,389 - sqlalchemy.engine.Engine - INFO - show standard_conforming_strings
2025-09-22 22:41:58,389 - sqlalchemy.engine.Engine - INFO - [raw sql] {}
2025-09-22 22:41:58,390 - sqlalchemy.engine.Engine - INFO - BEGIN (implicit)
2025-09-22 22:41:58,392 - sqlalchemy.engine.Engine - INFO - SELECT pg_catalog.pg_class.relname 
FROM pg_catalog.pg_class JOIN pg_catalog.pg_namespace ON pg_catalog.pg_namespace.oid = pg_catalog.pg_class.relnamespace 
WHERE pg_catalog.pg_class.relname = %(table_name)s AND pg_catalog.pg_class.relkind = ANY (ARRAY[%(param_1)s, %(param_2)s, %(param_3)s, %(param_4)s, %(param_5)s]) AND pg_catalog.pg_table_is_visible(pg_catalog.pg_class.oid) AND pg_catalog.pg_namespace.nspname != %(nspname_1)s
2025-09-22 22:41:58,393 - sqlalchemy.engine.Engine - INFO - [generated in 0.00019s] {'table_name': 'users', 'param_1': 'r', 'param_2': 'p', 'param_3': 'f', 'param_4': 'v', 'param_5': 'm', 'nspname_1': 'pg_catalog'}
2025-09-22 22:41:58,394 - sqlalchemy.engine.Engine - INFO - COMMIT
2025-09-22 22:42:02,610 - sqlalchemy.engine.Engine - INFO - select pg_catalog.version()
2025-09-22 22:42:02,610 - sqlalchemy.engine.Engine - INFO - [raw sql] {}
2025-09-22 22:42:02,610 - sqlalchemy.engine.Engine - INFO - select current_schema()
2025-09-22 22:42:02,610 - sqlalchemy.engine.Engine - INFO - [raw sql] {}
2025-09-22 22:42:02,611 - sqlalchemy.engine.Engine - INFO - show standard_conforming_strings
2025-09-22 22:42:02,611 - sqlalchemy.engine.Engine - INFO - [raw sql] {}
2025-09-22 22:42:02,611 - sqlalchemy.engine.Engine - INFO - BEGIN (implicit)
2025-09-22 22:42:02,613 - sqlalchemy.engine.Engine - INFO - SELECT pg_catalog.pg_class.relname 
FROM pg_catalog.pg_class JOIN pg_catalog.pg_namespace ON pg_catalog.pg_namespace.oid = pg_catalog.pg_class.relnamespace 
WHERE pg_catalog.pg_class.relname = %(table_name)s AND pg_catalog.pg_class.relkind = ANY (ARRAY[%(param_1)s, %(param_2)s, %(param_3)s, %(param_4)s, %(param_5)s]) AND pg_catalog.pg_table_is_visible(pg_catalog.pg_class.oid) AND pg_catalog.pg_namespace.nspname != %(nspname_1)s
2025-09-22 22:42:02,614 - sqlalchemy.engine.Engine - INFO - [generated in 0.00019s] {'table_name': 'users', 'param_1': 'r', 'param_2': 'p', 'param_3': 'f', 'param_4': 'v', 'param_5': 'm', 'nspname_1': 'pg_catalog'}
2025-09-22 22:42:02,615 - sqlalchemy.engine.Engine - INFO - COMMIT
2025-09-22 22:42:11,550 - sqlalchemy.engine.Engine - INFO - select pg_catalog.version()
2025-09-22 22:42:11,551 - sqlalchemy.engine.Engine - INFO - [raw sql] {}
2025-09-22 22:42:11,552 - sqlalchemy.engine.Engine - INFO - select current_schema()
2025-09-22 22:42:11,552 - sqlalchemy.engine.Engine - INFO - [raw sql] {}
2025-09-22 22:42:11,552 - sqlalchemy.engine.Engine - INFO - show standard_conforming_strings
2025-09-22 22:42:11,552 - sqlalchemy.engine.Engine - INFO - [raw sql] {}
2025-09-22 22:42:11,553 - sqlalchemy.engine.Engine - INFO - BEGIN (implicit)
2025-09-22 22:42:11,555 - sqlalchemy.engine.Engine - INFO - SELECT pg_catalog.pg_class.relname 
FROM pg_catalog.pg_class JOIN pg_catalog.pg_namespace ON pg_catalog.pg_namespace.oid = pg_catalog.pg_class.relnamespace 
WHERE pg_catalog.pg_class.relname = %(table_name)s AND pg_catalog.pg_class.relkind = ANY (ARRAY[%(param_1)s, %(param_2)s, %(param_3)s, %(param_4)s, %(param_5)s]) AND pg_catalog.pg_table_is_visible(pg_catalog.pg_class.oid) AND pg_catalog.pg_namespace.nspname != %(nspname_1)s
2025-09-22 22:42:11,555 - sqlalchemy.engine.Engine - INFO - [generated in 0.00018s] {'table_name': 'users', 'param_1': 'r', 'param_2': 'p', 'param_3': 'f', 'param_4': 'v', 'param_5': 'm', 'nspname_1': 'pg_catalog'}
2025-09-22 22:42:11,556 - sqlalchemy.engine.Engine - INFO - COMMIT
2025-09-22 22:42:14,236 - sqlalchemy.engine.Engine - INFO - select pg_catalog.version()
2025-09-22 22:42:14,236 - sqlalchemy.engine.Engine - INFO - [raw sql] {}
2025-09-22 22:42:14,237 - sqlalchemy.engine.Engine - INFO - select current_schema()
2025-09-22 22:42:14,237 - sqlalchemy.engine.Engine - INFO - [raw sql] {}
2025-09-22 22:42:14,237 - sqlalchemy.engine.Engine - INFO - show standard_conforming_strings
2025-09-22 22:42:14,237 - sqlalchemy.engine.Engine - INFO - [raw sql] {}
2025-09-22 22:42:14,238 - sqlalchemy.engine.Engine - INFO - BEGIN (implicit)
2025-09-22 22:42:14,240 - sqlalchemy.engine.Engine - INFO - SELECT pg_catalog.pg_class.relname 
FROM pg_catalog.pg_class JOIN pg_catalog.pg_namespace ON pg_catalog.pg_namespace.oid = pg_catalog.pg_class.relnamespace 
WHERE pg_catalog.pg_class.relname = %(table_name)s AND pg_catalog.pg_class.relkind = ANY (ARRAY[%(param_1)s, %(param_2)s, %(param_3)s, %(param_4)s, %(param_5)s]) AND pg_catalog.pg_table_is_visible(pg_catalog.pg_class.oid) AND pg_catalog.pg_namespace.nspname != %(nspname_1)s
2025-09-22 22:42:14,240 - sqlalchemy.engine.Engine - INFO - [generated in 0.00014s] {'table_name': 'users', 'param_1': 'r', 'param_2': 'p', 'param_3': 'f', 'param_4': 'v', 'param_5': 'm', 'nspname_1': 'pg_catalog'}
2025-09-22 22:42:14,242 - sqlalchemy.engine.Engine - INFO - COMMIT
2025-09-22 22:42:18,858 - sqlalchemy.engine.Engine - INFO - select pg_catalog.version()
2025-09-22 22:42:18,858 - sqlalchemy.engine.Engine - INFO - [raw sql] {}
2025-09-22 22:42:18,859 - sqlalchemy.engine.Engine - INFO - select current_schema()
2025-09-22 22:42:18,859 - sqlalchemy.engine.Engine - INFO - [raw sql] {}
2025-09-22 22:42:18,859 - sqlalchemy.engine.Engine - INFO - show standard_conforming_strings
2025-09-22 22:42:18,859 - sqlalchemy.engine.Engine - INFO - [raw sql] {}
2025-09-22 22:42:18,860 - sqlalchemy.engine.Engine - INFO - BEGIN (implicit)
2025-09-22 22:42:18,862 - sqlalchemy.engine.Engine - INFO - SELECT pg_catalog.pg_class.relname 
FROM pg_catalog.pg_class JOIN pg_catalog.pg_namespace ON pg_catalog.pg_namespace.oid = pg_catalog.pg_class.relnamespace 
WHERE pg_catalog.pg_class.relname = %(table_name)s AND pg_catalog.pg_class.relkind = ANY (ARRAY[%(param_1)s, %(param_2)s, %(param_3)s, %(param_4)s, %(param_5)s]) AND pg_catalog.pg_table_is_visible(pg_catalog.pg_class.oid) AND pg_catalog.pg_namespace.nspname != %(nspname_1)s
2025-09-22 22:42:18,862 - sqlalchemy.engine.Engine - INFO - [generated in 0.00016s] {'table_name': 'users', 'param_1': 'r', 'param_2': 'p', 'param_3': 'f', 'param_4': 'v', 'param_5': 'm', 'nspname_1': 'pg_catalog'}
2025-09-22 22:42:18,863 - sqlalchemy.engine.Engine - INFO - COMMIT
2025-09-22 22:42:20,679 - sqlalchemy.engine.Engine - INFO - select pg_catalog.version()
2025-09-22 22:42:20,679 - sqlalchemy.engine.Engine - INFO - [raw sql] {}
2025-09-22 22:42:20,680 - sqlalchemy.engine.Engine - INFO - select current_schema()
2025-09-22 22:42:20,680 - sqlalchemy.engine.Engine - INFO - [raw sql] {}
2025-09-22 22:42:20,680 - sqlalchemy.engine.Engine - INFO - show standard_conforming_strings
2025-09-22 22:42:20,680 - sqlalchemy.engine.Engine - INFO - [raw sql] {}
2025-09-22 22:42:20,680 - sqlalchemy.engine.Engine - INFO - BEGIN (implicit)
2025-09-22 22:42:20,683 - sqlalchemy.engine.Engine - INFO - SELECT pg_catalog.pg_class.relname 
FROM pg_catalog.pg_class JOIN pg_catalog.pg_namespace ON pg_catalog.pg_namespace.oid = pg_catalog.pg_class.relnamespace 
WHERE pg_catalog.pg_class.relname = %(table_name)s AND pg_catalog.pg_class.relkind = ANY (ARRAY[%(param_1)s, %(param_2)s, %(param_3)s, %(param_4)s, %(param_5)s]) AND pg_catalog.pg_table_is_visible(pg_catalog.pg_class.oid) AND pg_catalog.pg_namespace.nspname != %(nspname_1)s
2025-09-22 22:42:20,683 - sqlalchemy.engine.Engine - INFO - [generated in 0.00019s] {'table_name': 'users', 'param_1': 'r', 'param_2': 'p', 'param_3': 'f', 'param_4': 'v', 'param_5': 'm', 'nspname_1': 'pg_catalog'}
2025-09-22 22:42:20,684 - sqlalchemy.engine.Engine - INFO - COMMIT
2025-09-22 22:42:23,922 - sqlalchemy.engine.Engine - INFO - select pg_catalog.version()
2025-09-22 22:42:23,922 - sqlalchemy.engine.Engine - INFO - [raw sql] {}
2025-09-22 22:42:23,923 - sqlalchemy.engine.Engine - INFO - select current_schema()
2025-09-22 22:42:23,923 - sqlalchemy.engine.Engine - INFO - [raw sql] {}
2025-09-22 22:42:23,923 - sqlalchemy.engine.Engine - INFO - show standard_conforming_strings
2025-09-22 22:42:23,923 - sqlalchemy.engine.Engine - INFO - [raw sql] {}
2025-09-22 22:42:23,924 - sqlalchemy.engine.Engine - INFO - BEGIN (implicit)
2025-09-22 22:42:23,927 - sqlalchemy.engine.Engine - INFO - SELECT pg_catalog.pg_class.relname 
FROM pg_catalog.pg_class JOIN pg_catalog.pg_namespace ON pg_catalog.pg_namespace.oid = pg_catalog.pg_class.relnamespace 
WHERE pg_catalog.pg_class.relname = %(table_name)s AND pg_catalog.pg_class.relkind = ANY (ARRAY[%(param_1)s, %(param_2)s, %(param_3)s, %(param_4)s, %(param_5)s]) AND pg_catalog.pg_table_is_visible(pg_catalog.pg_class.oid) AND pg_catalog.pg_namespace.nspname != %(nspname_1)s
2025-09-22 22:42:23,927 - sqlalchemy.engine.Engine - INFO - [generated in 0.00020s] {'table_name': 'users', 'param_1': 'r', 'param_2': 'p', 'param_3': 'f', 'param_4': 'v', 'param_5': 'm', 'nspname_1': 'pg_catalog'}
2025-09-22 22:42:23,928 - sqlalchemy.engine.Engine - INFO - COMMIT
2025-09-22 22:42:25,712 - sqlalchemy.engine.Engine - INFO - select pg_catalog.version()
2025-09-22 22:42:25,712 - sqlalchemy.engine.Engine - INFO - [raw sql] {}
2025-09-22 22:42:25,713 - sqlalchemy.engine.Engine - INFO - select current_schema()
2025-09-22 22:42:25,713 - sqlalchemy.engine.Engine - INFO - [raw sql] {}
2025-09-22 22:42:25,713 - sqlalchemy.engine.Engine - INFO - show standard_conforming_strings
2025-09-22 22:42:25,713 - sqlalchemy.engine.Engine - INFO - [raw sql] {}
2025-09-22 22:42:25,714 - sqlalchemy.engine.Engine - INFO - BEGIN (implicit)
2025-09-22 22:42:25,716 - sqlalchemy.engine.Engine - INFO - SELECT pg_catalog.pg_class.relname 
FROM pg_catalog.pg_class JOIN pg_catalog.pg_namespace ON pg_catalog.pg_namespace.oid = pg_catalog.pg_class.relnamespace 
WHERE pg_catalog.pg_class.relname = %(table_name)s AND pg_catalog.pg_class.relkind = ANY (ARRAY[%(param_1)s, %(param_2)s, %(param_3)s, %(param_4)s, %(param_5)s]) AND pg_catalog.pg_table_is_visible(pg_catalog.pg_class.oid) AND pg_catalog.pg_namespace.nspname != %(nspname_1)s
2025-09-22 22:42:25,716 - sqlalchemy.engine.Engine - INFO - [generated in 0.00014s] {'table_name': 'users', 'param_1': 'r', 'param_2': 'p', 'param_3': 'f', 'param_4': 'v', 'param_5': 'm', 'nspname_1': 'pg_catalog'}
2025-09-22 22:42:25,717 - sqlalchemy.engine.Engine - INFO - COMMIT
2025-09-22 22:42:27,811 - sqlalchemy.engine.Engine - INFO - select pg_catalog.version()
2025-09-22 22:42:27,811 - sqlalchemy.engine.Engine - INFO - [raw sql] {}
2025-09-22 22:42:27,812 - sqlalchemy.engine.Engine - INFO - select current_schema()
2025-09-22 22:42:27,812 - sqlalchemy.engine.Engine - INFO - [raw sql] {}
2025-09-22 22:42:27,812 - sqlalchemy.engine.Engine - INFO - show standard_conforming_strings
2025-09-22 22:42:27,812 - sqlalchemy.engine.Engine - INFO - [raw sql] {}
2025-09-22 22:42:27,812 - sqlalchemy.engine.Engine - INFO - BEGIN (implicit)
2025-09-22 22:42:27,815 - sqlalchemy.engine.Engine - INFO - SELECT pg_catalog.pg_class.relname 
FROM pg_catalog.pg_class JOIN pg_catalog.pg_namespace ON pg_catalog.pg_namespace.oid = pg_catalog.pg_class.relnamespace 
WHERE pg_catalog.pg_class.relname = %(table_name)s AND pg_catalog.pg_class.relkind = ANY (ARRAY[%(param_1)s, %(param_2)s, %(param_3)s, %(param_4)s, %(param_5)s]) AND pg_catalog.pg_table_is_visible(pg_catalog.pg_class.oid) AND pg_catalog.pg_namespace.nspname != %(nspname_1)s
2025-09-22 22:42:27,815 - sqlalchemy.engine.Engine - INFO - [generated in 0.00017s] {'table_name': 'users', 'param_1': 'r', 'param_2': 'p', 'param_3': 'f', 'param_4': 'v', 'param_5': 'm', 'nspname_1': 'pg_catalog'}
2025-09-22 22:42:27,816 - sqlalchemy.engine.Engine - INFO - COMMIT
2025-09-22 22:43:00,079 - sqlalchemy.engine.Engine - INFO - select pg_catalog.version()
2025-09-22 22:43:00,079 - sqlalchemy.engine.Engine - INFO - [raw sql] {}
2025-09-22 22:43:00,079 - sqlalchemy.engine.Engine - INFO - select current_schema()
2025-09-22 22:43:00,080 - sqlalchemy.engine.Engine - INFO - [raw sql] {}
2025-09-22 22:43:00,080 - sqlalchemy.engine.Engine - INFO - show standard_conforming_strings
2025-09-22 22:43:00,080 - sqlalchemy.engine.Engine - INFO - [raw sql] {}
2025-09-22 22:43:00,080 - sqlalchemy.engine.Engine - INFO - BEGIN (implicit)
2025-09-22 22:43:00,083 - sqlalchemy.engine.Engine - INFO - SELECT pg_catalog.pg_class.relname 
FROM pg_catalog.pg_class JOIN pg_catalog.pg_namespace ON pg_catalog.pg_namespace.oid = pg_catalog.pg_class.relnamespace 
WHERE pg_catalog.pg_class.relname = %(table_name)s AND pg_catalog.pg_class.relkind = ANY (ARRAY[%(param_1)s, %(param_2)s, %(param_3)s, %(param_4)s, %(param_5)s]) AND pg_catalog.pg_table_is_visible(pg_catalog.pg_class.oid) AND pg_catalog.pg_namespace.nspname != %(nspname_1)s
2025-09-22 22:43:00,083 - sqlalchemy.engine.Engine - INFO - [generated in 0.00014s] {'table_name': 'users', 'param_1': 'r', 'param_2': 'p', 'param_3': 'f', 'param_4': 'v', 'param_5': 'm', 'nspname_1': 'pg_catalog'}
2025-09-22 22:43:00,084 - sqlalchemy.engine.Engine - INFO - COMMIT
2025-09-22 22:43:00,713 - sqlalchemy.engine.Engine - INFO - select pg_catalog.version()
2025-09-22 22:43:00,713 - sqlalchemy.engine.Engine - INFO - [raw sql] {}
2025-09-22 22:43:00,714 - sqlalchemy.engine.Engine - INFO - select current_schema()
2025-09-22 22:43:00,714 - sqlalchemy.engine.Engine - INFO - [raw sql] {}
2025-09-22 22:43:00,714 - sqlalchemy.engine.Engine - INFO - show standard_conforming_strings
2025-09-22 22:43:00,714 - sqlalchemy.engine.Engine - INFO - [raw sql] {}
2025-09-22 22:43:00,715 - sqlalchemy.engine.Engine - INFO - BEGIN (implicit)
2025-09-22 22:43:00,717 - sqlalchemy.engine.Engine - INFO - SELECT pg_catalog.pg_class.relname 
FROM pg_catalog.pg_class JOIN pg_catalog.pg_namespace ON pg_catalog.pg_namespace.oid = pg_catalog.pg_class.relnamespace 
WHERE pg_catalog.pg_class.relname = %(table_name)s AND pg_catalog.pg_class.relkind = ANY (ARRAY[%(param_1)s, %(param_2)s, %(param_3)s, %(param_4)s, %(param_5)s]) AND pg_catalog.pg_table_is_visible(pg_catalog.pg_class.oid) AND pg_catalog.pg_namespace.nspname != %(nspname_1)s
2025-09-22 22:43:00,717 - sqlalchemy.engine.Engine - INFO - [generated in 0.00024s] {'table_name': 'users', 'param_1': 'r', 'param_2': 'p', 'param_3': 'f', 'param_4': 'v', 'param_5': 'm', 'nspname_1': 'pg_catalog'}
2025-09-22 22:43:00,719 - sqlalchemy.engine.Engine - INFO - COMMIT
2025-09-22 22:43:01,357 - sqlalchemy.engine.Engine - INFO - select pg_catalog.version()
2025-09-22 22:43:01,357 - sqlalchemy.engine.Engine - INFO - [raw sql] {}
2025-09-22 22:43:01,358 - sqlalchemy.engine.Engine - INFO - select current_schema()
2025-09-22 22:43:01,358 - sqlalchemy.engine.Engine - INFO - [raw sql] {}
2025-09-22 22:43:01,358 - sqlalchemy.engine.Engine - INFO - show standard_conforming_strings
2025-09-22 22:43:01,358 - sqlalchemy.engine.Engine - INFO - [raw sql] {}
2025-09-22 22:43:01,359 - sqlalchemy.engine.Engine - INFO - BEGIN (implicit)
2025-09-22 22:43:01,361 - sqlalchemy.engine.Engine - INFO - SELECT pg_catalog.pg_class.relname 
FROM pg_catalog.pg_class JOIN pg_catalog.pg_namespace ON pg_catalog.pg_namespace.oid = pg_catalog.pg_class.relnamespace 
WHERE pg_catalog.pg_class.relname = %(table_name)s AND pg_catalog.pg_class.relkind = ANY (ARRAY[%(param_1)s, %(param_2)s, %(param_3)s, %(param_4)s, %(param_5)s]) AND pg_catalog.pg_table_is_visible(pg_catalog.pg_class.oid) AND pg_catalog.pg_namespace.nspname != %(nspname_1)s
2025-09-22 22:43:01,361 - sqlalchemy.engine.Engine - INFO - [generated in 0.00013s] {'table_name': 'users', 'param_1': 'r', 'param_2': 'p', 'param_3': 'f', 'param_4': 'v', 'param_5': 'm', 'nspname_1': 'pg_catalog'}
2025-09-22 22:43:01,362 - sqlalchemy.engine.Engine - INFO - COMMIT
2025-09-22 22:43:02,196 - sqlalchemy.engine.Engine - INFO - select pg_catalog.version()
2025-09-22 22:43:02,197 - sqlalchemy.engine.Engine - INFO - [raw sql] {}
2025-09-22 22:43:02,197 - sqlalchemy.engine.Engine - INFO - select current_schema()
2025-09-22 22:43:02,198 - sqlalchemy.engine.Engine - INFO - [raw sql] {}
2025-09-22 22:43:02,198 - sqlalchemy.engine.Engine - INFO - show standard_conforming_strings
2025-09-22 22:43:02,198 - sqlalchemy.engine.Engine - INFO - [raw sql] {}
2025-09-22 22:43:02,198 - sqlalchemy.engine.Engine - INFO - BEGIN (implicit)
2025-09-22 22:43:02,201 - sqlalchemy.engine.Engine - INFO - SELECT pg_catalog.pg_class.relname 
FROM pg_catalog.pg_class JOIN pg_catalog.pg_namespace ON pg_catalog.pg_namespace.oid = pg_catalog.pg_class.relnamespace 
WHERE pg_catalog.pg_class.relname = %(table_name)s AND pg_catalog.pg_class.relkind = ANY (ARRAY[%(param_1)s, %(param_2)s, %(param_3)s, %(param_4)s, %(param_5)s]) AND pg_catalog.pg_table_is_visible(pg_catalog.pg_class.oid) AND pg_catalog.pg_namespace.nspname != %(nspname_1)s
2025-09-22 22:43:02,201 - sqlalchemy.engine.Engine - INFO - [generated in 0.00014s] {'table_name': 'users', 'param_1': 'r', 'param_2': 'p', 'param_3': 'f', 'param_4': 'v', 'param_5': 'm', 'nspname_1': 'pg_catalog'}
2025-09-22 22:43:02,202 - sqlalchemy.engine.Engine - INFO - COMMIT
2025-09-22 22:43:02,868 - sqlalchemy.engine.Engine - INFO - select pg_catalog.version()
2025-09-22 22:43:02,868 - sqlalchemy.engine.Engine - INFO - [raw sql] {}
2025-09-22 22:43:02,869 - sqlalchemy.engine.Engine - INFO - select current_schema()
2025-09-22 22:43:02,869 - sqlalchemy.engine.Engine - INFO - [raw sql] {}
2025-09-22 22:43:02,869 - sqlalchemy.engine.Engine - INFO - show standard_conforming_strings
2025-09-22 22:43:02,869 - sqlalchemy.engine.Engine - INFO - [raw sql] {}
2025-09-22 22:43:02,870 - sqlalchemy.engine.Engine - INFO - BEGIN (implicit)
2025-09-22 22:43:02,872 - sqlalchemy.engine.Engine - INFO - SELECT pg_catalog.pg_class.relname 
FROM pg_catalog.pg_class JOIN pg_catalog.pg_namespace ON pg_catalog.pg_namespace.oid = pg_catalog.pg_class.relnamespace 
WHERE pg_catalog.pg_class.relname = %(table_name)s AND pg_catalog.pg_class.relkind = ANY (ARRAY[%(param_1)s, %(param_2)s, %(param_3)s, %(param_4)s, %(param_5)s]) AND pg_catalog.pg_table_is_visible(pg_catalog.pg_class.oid) AND pg_catalog.pg_namespace.nspname != %(nspname_1)s
2025-09-22 22:43:02,872 - sqlalchemy.engine.Engine - INFO - [generated in 0.00014s] {'table_name': 'users', 'param_1': 'r', 'param_2': 'p', 'param_3': 'f', 'param_4': 'v', 'param_5': 'm', 'nspname_1': 'pg_catalog'}
2025-09-22 22:43:02,874 - sqlalchemy.engine.Engine - INFO - COMMIT
2025-09-22 22:43:03,707 - sqlalchemy.engine.Engine - INFO - select pg_catalog.version()
2025-09-22 22:43:03,707 - sqlalchemy.engine.Engine - INFO - [raw sql] {}
2025-09-22 22:43:03,708 - sqlalchemy.engine.Engine - INFO - select current_schema()
2025-09-22 22:43:03,708 - sqlalchemy.engine.Engine - INFO - [raw sql] {}
2025-09-22 22:43:03,709 - sqlalchemy.engine.Engine - INFO - show standard_conforming_strings
2025-09-22 22:43:03,709 - sqlalchemy.engine.Engine - INFO - [raw sql] {}
2025-09-22 22:43:03,709 - sqlalchemy.engine.Engine - INFO - BEGIN (implicit)
2025-09-22 22:43:03,712 - sqlalchemy.engine.Engine - INFO - SELECT pg_catalog.pg_class.relname 
FROM pg_catalog.pg_class JOIN pg_catalog.pg_namespace ON pg_catalog.pg_namespace.oid = pg_catalog.pg_class.relnamespace 
WHERE pg_catalog.pg_class.relname = %(table_name)s AND pg_catalog.pg_class.relkind = ANY (ARRAY[%(param_1)s, %(param_2)s, %(param_3)s, %(param_4)s, %(param_5)s]) AND pg_catalog.pg_table_is_visible(pg_catalog.pg_class.oid) AND pg_catalog.pg_namespace.nspname != %(nspname_1)s
2025-09-22 22:43:03,712 - sqlalchemy.engine.Engine - INFO - [generated in 0.00015s] {'table_name': 'users', 'param_1': 'r', 'param_2': 'p', 'param_3': 'f', 'param_4': 'v', 'param_5': 'm', 'nspname_1': 'pg_catalog'}
2025-09-22 22:43:03,713 - sqlalchemy.engine.Engine - INFO - COMMIT
